
*******************************************************************************
Tue Nov  3 01:45:23 2020


FIT:    data read from 'out_f.dat' using (log10($1)):(log10($2))
        format = x:z
        x range restricted to [2.84510 : *]
        #datapoints = 55
        residuals are weighted equally (unit weight)

function used for fitting: f1(x)
	f1(x) = a1 + b1*x
fitted parameters initialized with current variable values

iter      chisq       delta/lim  lambda   a1            b1           
   0 1.9959966134e-01   0.00e+00  9.53e+00   -1.003518e+01   2.922293e+00
   1 1.9959966134e-01  -2.78e-11  9.53e-01   -1.003518e+01   2.922293e+00

After 1 iterations the fit converged.
final sum of squares of residuals : 0.1996
rel. change during last iteration : -2.78112e-16

degrees of freedom    (FIT_NDF)                        : 53
rms of residuals      (FIT_STDFIT) = sqrt(WSSR/ndf)    : 0.061368
variance of residuals (reduced chisquare) = WSSR/ndf   : 0.00376603

Final set of parameters            Asymptotic Standard Error
=======================            ==========================
a1              = -10.0352         +/- 0.1927       (1.92%)
b1              = 2.92229          +/- 0.06258      (2.142%)

correlation matrix of the fit parameters:
                a1     b1     
a1              1.000 
b1             -0.999  1.000 


*******************************************************************************
Tue Nov  3 01:45:23 2020


FIT:    data read from 'out_i.dat' using (log10($1)):(log10($2))
        format = x:z
        #datapoints = 101
        residuals are weighted equally (unit weight)

function used for fitting: f2(x)
	f2(x) = a2 + b2*x
fitted parameters initialized with current variable values

iter      chisq       delta/lim  lambda   a2            b2           
   0 2.6331588201e-01   0.00e+00  9.24e+00   -9.476152e+00   3.098507e+00
   1 2.6331588201e-01  -8.43e-11  9.24e+01   -9.476152e+00   3.098507e+00

After 1 iterations the fit converged.
final sum of squares of residuals : 0.263316
rel. change during last iteration : -8.43263e-16

degrees of freedom    (FIT_NDF)                        : 99
rms of residuals      (FIT_STDFIT) = sqrt(WSSR/ndf)    : 0.0515728
variance of residuals (reduced chisquare) = WSSR/ndf   : 0.00265976

Final set of parameters            Asymptotic Standard Error
=======================            ==========================
a2              = -9.47615         +/- 0.06157      (0.6498%)
b2              = 3.09851          +/- 0.02121      (0.6847%)

correlation matrix of the fit parameters:
                a2     b2     
a2              1.000 
b2             -0.997  1.000 


*******************************************************************************
Tue Nov  3 01:45:23 2020


FIT:    data read from 'out_k.dat' using (log10($1)):(log10($2))
        format = x:z
        #datapoints = 100
        residuals are weighted equally (unit weight)

function used for fitting: f3(x)
	f3(x) = a3 + b3*x
fitted parameters initialized with current variable values

iter      chisq       delta/lim  lambda   a3            b3           
   0 1.2562441143e+00   0.00e+00  1.01e+01   -1.019993e+01   3.466603e+00
   1 1.2562441143e+00   0.00e+00  1.01e+03   -1.019993e+01   3.466603e+00

After 1 iterations the fit converged.
final sum of squares of residuals : 1.25624
rel. change during last iteration : 0

degrees of freedom    (FIT_NDF)                        : 98
rms of residuals      (FIT_STDFIT) = sqrt(WSSR/ndf)    : 0.11322
variance of residuals (reduced chisquare) = WSSR/ndf   : 0.0128188

Final set of parameters            Asymptotic Standard Error
=======================            ==========================
a3              = -10.1999         +/- 0.1365       (1.338%)
b3              = 3.4666           +/- 0.04708      (1.358%)

correlation matrix of the fit parameters:
                a3     b3     
a3              1.000 
b3             -0.997  1.000 
